<?xml version="1.0" encoding="UTF-8" ?>
<testsuite tests="1" failures="0" name="com.juvenxu.mvnbook.account.email.AccountEmailServiceTest" time="5.28" errors="0" skipped="0">
  <properties>
    <property name="java.runtime.name" value="Java(TM) SE Runtime Environment"/>
    <property name="sun.boot.library.path" value="D:\Program Files\Java\jdk1_8_0\jre\bin"/>
    <property name="java.vm.version" value="25.161-b12"/>
    <property name="java.vm.vendor" value="Oracle Corporation"/>
    <property name="maven.multiModuleProjectDirectory" value="D:\JavaCode\account-email"/>
    <property name="java.vendor.url" value="http://java.oracle.com/"/>
    <property name="path.separator" value=";"/>
    <property name="guice.disable.misplaced.annotation.check" value="true"/>
    <property name="java.vm.name" value="Java HotSpot(TM) 64-Bit Server VM"/>
    <property name="file.encoding.pkg" value="sun.io"/>
    <property name="user.script" value=""/>
    <property name="user.country" value="CN"/>
    <property name="sun.java.launcher" value="SUN_STANDARD"/>
    <property name="sun.os.patch.level" value=""/>
    <property name="java.vm.specification.name" value="Java Virtual Machine Specification"/>
    <property name="user.dir" value="D:\JavaCode\account-email"/>
    <property name="java.runtime.version" value="1.8.0_161-b12"/>
    <property name="java.awt.graphicsenv" value="sun.awt.Win32GraphicsEnvironment"/>
    <property name="java.endorsed.dirs" value="D:\Program Files\Java\jdk1_8_0\jre\lib\endorsed"/>
    <property name="os.arch" value="amd64"/>
    <property name="java.io.tmpdir" value="C:\Users\dulz\AppData\Local\Temp\"/>
    <property name="line.separator" value="
"/>
    <property name="java.vm.specification.vendor" value="Oracle Corporation"/>
    <property name="user.variant" value=""/>
    <property name="os.name" value="Windows 10"/>
    <property name="classworlds.conf" value="E:\BaiduNetdiskDownload\apachemaven3.5\bin\..\bin\m2.conf"/>
    <property name="sun.jnu.encoding" value="GBK"/>
    <property name="java.library.path" value="D:\Program Files\Java\jdk1_8_0\bin;C:\WINDOWS\Sun\Java\bin;C:\WINDOWS\system32;C:\WINDOWS;C:\ProgramData\Oracle\Java\javapath;C:\WINDOWS\system32;C:\WINDOWS;C:\WINDOWS\System32\Wbem;C:\WINDOWS\System32\WindowsPowerShell\v1.0\;C:\Program Files\Git\cmd;&quot;D:\Program Files\Java\jdk1_8_0\bin;D:\Program Files\Java\jdk1_8_0\jre\bin&quot;;D:\Program\Python\Python27\;D:\Program Files\Java\jdk1_8_0\bin;D:\Program Files\Java\jdk1_8_0\jre\bin;D:\Program\Python\Python27\Scripts;E:\BaiduNetdiskDownload\adt-bundle-windows\sdk\build-tools\23.0.1;C:\Program Files (x86)\MySQL\MySQL Server 5.7\bin;D:\Program Files\nodejs\;D:\Program Files (x86)\Appium\node_modules\.bin;&quot;E:\BaiduNetdiskDownload\adt-bundle-windows\sdk\platform-tools;E:\BaiduNetdiskDownload\adt-bundle-windows\sdk\tools;&quot;;D:\Program\Appium\node_modules\.bin;E:\BaiduNetdiskDownload\adt-bundle-windows\sdk\platform-tools;E:\BaiduNetdiskDownload\apachemaven3.5\bin;D:\Program Files (x86)\MySQL\MySQL Utilities 1.6\;D:\Program\Treocca\Tesseract-OCR;D:\Program\Treocca\Tesseract-OCR;D:\Program\nginx;C:\Users\dulz\AppData\Local\Microsoft\WindowsApps;C:\Users\dulz\AppData\Roaming\npm;D:\Program\Python\Python35_32\;D:\Program\Python\Python35_32\Scripts\;D:\Program Files\Redies\;;."/>
    <property name="maven.conf" value="E:\BaiduNetdiskDownload\apachemaven3.5\bin\../conf"/>
    <property name="java.specification.name" value="Java Platform API Specification"/>
    <property name="java.class.version" value="52.0"/>
    <property name="sun.management.compiler" value="HotSpot 64-Bit Tiered Compilers"/>
    <property name="os.version" value="10.0"/>
    <property name="library.jansi.path" value="E:\BaiduNetdiskDownload\apachemaven3.5\bin\..\lib\jansi-native\windows64"/>
    <property name="user.home" value="C:\Users\dulz"/>
    <property name="user.timezone" value="Asia/Shanghai"/>
    <property name="java.awt.printerjob" value="sun.awt.windows.WPrinterJob"/>
    <property name="java.specification.version" value="1.8"/>
    <property name="file.encoding" value="GBK"/>
    <property name="user.name" value="dulz"/>
    <property name="java.class.path" value="E:\BaiduNetdiskDownload\apachemaven3.5\bin\..\boot\plexus-classworlds-2.5.2.jar"/>
    <property name="java.vm.specification.version" value="1.8"/>
    <property name="sun.arch.data.model" value="64"/>
    <property name="java.home" value="D:\Program Files\Java\jdk1_8_0\jre"/>
    <property name="sun.java.command" value="org.codehaus.plexus.classworlds.launcher.Launcher clean test"/>
    <property name="java.specification.vendor" value="Oracle Corporation"/>
    <property name="user.language" value="zh"/>
    <property name="awt.toolkit" value="sun.awt.windows.WToolkit"/>
    <property name="java.vm.info" value="mixed mode"/>
    <property name="java.version" value="1.8.0_161"/>
    <property name="java.ext.dirs" value="D:\Program Files\Java\jdk1_8_0\jre\lib\ext;C:\WINDOWS\Sun\Java\lib\ext"/>
    <property name="sun.boot.class.path" value="D:\Program Files\Java\jdk1_8_0\jre\lib\resources.jar;D:\Program Files\Java\jdk1_8_0\jre\lib\rt.jar;D:\Program Files\Java\jdk1_8_0\jre\lib\sunrsasign.jar;D:\Program Files\Java\jdk1_8_0\jre\lib\jsse.jar;D:\Program Files\Java\jdk1_8_0\jre\lib\jce.jar;D:\Program Files\Java\jdk1_8_0\jre\lib\charsets.jar;D:\Program Files\Java\jdk1_8_0\jre\lib\jfr.jar;D:\Program Files\Java\jdk1_8_0\jre\classes"/>
    <property name="sun.stderr.encoding" value="ms936"/>
    <property name="java.vendor" value="Oracle Corporation"/>
    <property name="maven.home" value="E:\BaiduNetdiskDownload\apachemaven3.5\bin\.."/>
    <property name="file.separator" value="\"/>
    <property name="java.vendor.url.bug" value="http://bugreport.sun.com/bugreport/"/>
    <property name="sun.cpu.endian" value="little"/>
    <property name="sun.io.unicode.encoding" value="UnicodeLittle"/>
    <property name="sun.stdout.encoding" value="ms936"/>
    <property name="sun.desktop" value="windows"/>
    <property name="sun.cpu.isalist" value="amd64"/>
  </properties>
  <testcase classname="com.juvenxu.mvnbook.account.email.AccountEmailServiceTest" name="testSendMail" time="5.28"/>
</testsuite>